c:\users\daniel.wormald\desktop\assignment 3 - daniel wormald\openglapplication\release\gizmos.obj
c:\users\daniel.wormald\desktop\assignment 3 - daniel wormald\openglapplication\release\flycamera.obj
c:\users\daniel.wormald\desktop\assignment 3 - daniel wormald\openglapplication\release\basecamera.obj
c:\users\daniel.wormald\desktop\assignment 3 - daniel wormald\openglapplication\release\shadermanager.obj
c:\users\daniel.wormald\desktop\assignment 3 - daniel wormald\openglapplication\release\particles.obj
c:\users\daniel.wormald\desktop\assignment 3 - daniel wormald\openglapplication\release\gpuparticleemitter.obj
c:\users\daniel.wormald\desktop\assignment 3 - daniel wormald\openglapplication\release\application.obj
c:\users\daniel.wormald\desktop\physics assignment\assignment 3 - daniel wormald\openglapplication\release\vc120.pdb
c:\users\daniel.wormald\desktop\physics assignment\assignment 3 - daniel wormald\openglapplication\release\spring.obj
c:\users\daniel.wormald\desktop\physics assignment\assignment 3 - daniel wormald\openglapplication\release\sphereclass.obj
c:\users\daniel.wormald\desktop\physics assignment\assignment 3 - daniel wormald\openglapplication\release\playercontroller.obj
c:\users\daniel.wormald\desktop\physics assignment\assignment 3 - daniel wormald\openglapplication\release\ragdoll.obj
c:\users\daniel.wormald\desktop\physics assignment\assignment 3 - daniel wormald\openglapplication\release\plane.obj
c:\users\daniel.wormald\desktop\physics assignment\assignment 3 - daniel wormald\openglapplication\release\physics.obj
c:\users\daniel.wormald\desktop\physics assignment\assignment 3 - daniel wormald\openglapplication\release\particles.obj
c:\users\daniel.wormald\desktop\physics assignment\assignment 3 - daniel wormald\openglapplication\release\particlefluidemitter.obj
c:\users\daniel.wormald\desktop\physics assignment\assignment 3 - daniel wormald\openglapplication\release\particleemitter.obj
c:\users\daniel.wormald\desktop\physics assignment\assignment 3 - daniel wormald\openglapplication\release\particle.obj
c:\users\daniel.wormald\desktop\physics assignment\assignment 3 - daniel wormald\openglapplication\release\mycontrollerhitreport.obj
c:\users\daniel.wormald\desktop\physics assignment\assignment 3 - daniel wormald\openglapplication\release\mycollisioncallback.obj
c:\users\daniel.wormald\desktop\physics assignment\assignment 3 - daniel wormald\openglapplication\release\myapplication.obj
c:\users\daniel.wormald\desktop\physics assignment\assignment 3 - daniel wormald\openglapplication\release\main.obj
c:\users\daniel.wormald\desktop\physics assignment\assignment 3 - daniel wormald\openglapplication\release\gpuparticleemitter.obj
c:\users\daniel.wormald\desktop\physics assignment\assignment 3 - daniel wormald\openglapplication\release\diyrigidbody.obj
c:\users\daniel.wormald\desktop\physics assignment\assignment 3 - daniel wormald\openglapplication\release\diyphysicsscene.obj
c:\users\daniel.wormald\desktop\physics assignment\assignment 3 - daniel wormald\openglapplication\release\cube.obj
c:\users\daniel.wormald\desktop\physics assignment\assignment 3 - daniel wormald\openglapplication\release\box.obj
c:\users\daniel.wormald\desktop\physics assignment\assignment 3 - daniel wormald\openglapplication\release\application.obj
c:\users\daniel.wormald\desktop\physics assignment\assignment 3 - daniel wormald\openglapplication\release\triggerbox.obj
c:\users\daniel.wormald\desktop\physics assignment\assignment 3 - daniel wormald\openglapplication\release\gizmos.obj
c:\users\daniel.wormald\desktop\physics assignment\assignment 3 - daniel wormald\openglapplication\release\flycamera.obj
c:\users\daniel.wormald\desktop\physics assignment\assignment 3 - daniel wormald\openglapplication\release\basecamera.obj
c:\users\daniel.wormald\desktop\physics assignment\assignment 3 - daniel wormald\openglapplication\release\gl_core_4_4.obj
c:\users\worm_\desktop\02-12-2015\physics assignment\assignment 3 - daniel wormald\openglapplication\release\vc120.pdb
c:\users\worm_\desktop\02-12-2015\physics assignment\assignment 3 - daniel wormald\openglapplication\release\sphereclass.obj
c:\users\worm_\desktop\02-12-2015\physics assignment\assignment 3 - daniel wormald\openglapplication\release\playercontroller.obj
c:\users\worm_\desktop\02-12-2015\physics assignment\assignment 3 - daniel wormald\openglapplication\release\ragdoll.obj
c:\users\worm_\desktop\02-12-2015\physics assignment\assignment 3 - daniel wormald\openglapplication\release\plane.obj
c:\users\worm_\desktop\02-12-2015\physics assignment\assignment 3 - daniel wormald\openglapplication\release\physics.obj
c:\users\worm_\desktop\02-12-2015\physics assignment\assignment 3 - daniel wormald\openglapplication\release\particles.obj
c:\users\worm_\desktop\02-12-2015\physics assignment\assignment 3 - daniel wormald\openglapplication\release\particlefluidemitter.obj
c:\users\worm_\desktop\02-12-2015\physics assignment\assignment 3 - daniel wormald\openglapplication\release\particleemitter.obj
c:\users\worm_\desktop\02-12-2015\physics assignment\assignment 3 - daniel wormald\openglapplication\release\particle.obj
c:\users\worm_\desktop\02-12-2015\physics assignment\assignment 3 - daniel wormald\openglapplication\release\mycontrollerhitreport.obj
c:\users\worm_\desktop\02-12-2015\physics assignment\assignment 3 - daniel wormald\openglapplication\release\mycollisioncallback.obj
c:\users\worm_\desktop\02-12-2015\physics assignment\assignment 3 - daniel wormald\openglapplication\release\myapplication.obj
c:\users\worm_\desktop\02-12-2015\physics assignment\assignment 3 - daniel wormald\openglapplication\release\main.obj
c:\users\worm_\desktop\02-12-2015\physics assignment\assignment 3 - daniel wormald\openglapplication\release\gpuparticleemitter.obj
c:\users\worm_\desktop\02-12-2015\physics assignment\assignment 3 - daniel wormald\openglapplication\release\diyrigidbody.obj
c:\users\worm_\desktop\02-12-2015\physics assignment\assignment 3 - daniel wormald\openglapplication\release\diyphysicsscene.obj
c:\users\worm_\desktop\02-12-2015\physics assignment\assignment 3 - daniel wormald\openglapplication\release\cube.obj
c:\users\worm_\desktop\02-12-2015\physics assignment\assignment 3 - daniel wormald\openglapplication\release\box.obj
c:\users\worm_\desktop\02-12-2015\physics assignment\assignment 3 - daniel wormald\openglapplication\release\ball.obj
c:\users\worm_\desktop\02-12-2015\physics assignment\assignment 3 - daniel wormald\openglapplication\release\application.obj
c:\users\worm_\desktop\02-12-2015\physics assignment\assignment 3 - daniel wormald\openglapplication\release\triggerbox.obj
c:\users\worm_\desktop\02-12-2015\physics assignment\assignment 3 - daniel wormald\openglapplication\release\gizmos.obj
c:\users\worm_\desktop\02-12-2015\physics assignment\assignment 3 - daniel wormald\openglapplication\release\flycamera.obj
c:\users\worm_\desktop\02-12-2015\physics assignment\assignment 3 - daniel wormald\openglapplication\release\basecamera.obj
c:\users\worm_\desktop\02-12-2015\physics assignment\assignment 3 - daniel wormald\openglapplication\release\spring.obj
c:\users\worm_\desktop\02-12-2015\physics assignment\assignment 3 - daniel wormald\openglapplication\release\gl_core_4_4.obj
c:\users\daniel.wormald\desktop\physics assignment\assignment 3 - daniel wormald\openglapplication\release\openglapplication.exe
c:\users\daniel.wormald\desktop\physics assignment\assignment 3 - daniel wormald\openglapplication\release\openglapplication.pdb
c:\users\worm_\desktop\02-12-2015\physics assignment\assignment 3 - daniel wormald\openglapplication\release\openglapplication.exe
c:\users\worm_\desktop\02-12-2015\physics assignment\assignment 3 - daniel wormald\openglapplication\release\openglapplication.pdb
c:\users\worm_\desktop\02-12-2015\physics assignment\assignment 3 - daniel wormald\openglapplication\release\anttweakbar.obj
c:\users\worm_\desktop\02-12-2015\physics assignment\assignment 3 - daniel wormald\openglapplication\release\background.obj
c:\users\worm_\desktop\02-12-2015\physics assignment\assignment 3 - daniel wormald\openglapplication\release\checkerpiece.obj
c:\users\worm_\desktop\02-12-2015\physics assignment\assignment 3 - daniel wormald\openglapplication\release\playerone.obj
c:\users\worm_\desktop\02-12-2015\physics assignment\assignment 3 - daniel wormald\openglapplication\release\players.obj
c:\users\worm_\desktop\02-12-2015\physics assignment\assignment 3 - daniel wormald\openglapplication\release\playertwo.obj
c:\users\worm_\desktop\02-12-2015\physics assignment\assignment 3 - daniel wormald\openglapplication\release\shader.obj
c:\users\worm_\desktop\02-12-2015\physics assignment\assignment 3 - daniel wormald\openglapplication\release\shadermanager.obj
c:\users\worm_\desktop\02-12-2015\physics assignment\assignment 3 - daniel wormald\openglapplication\release\cl.command.1.tlog
c:\users\worm_\desktop\02-12-2015\physics assignment\assignment 3 - daniel wormald\openglapplication\release\cl.read.1.tlog
c:\users\worm_\desktop\02-12-2015\physics assignment\assignment 3 - daniel wormald\openglapplication\release\cl.write.1.tlog
c:\users\worm_\desktop\02-12-2015\physics assignment\assignment 3 - daniel wormald\openglapplication\release\link.command.1.tlog
c:\users\worm_\desktop\02-12-2015\physics assignment\assignment 3 - daniel wormald\openglapplication\release\link.read.1.tlog
c:\users\worm_\desktop\02-12-2015\physics assignment\assignment 3 - daniel wormald\openglapplication\release\link.write.1.tlog
c:\users\worm_\desktop\02-12-2015\physics assignment\assignment 3 - daniel wormald\openglapplication\release\vc110.pdb
c:\users\worm_\desktop\02-12-2015\physics assignment\assignment 3 - daniel wormald\openglapplication\release\openglap.02001552.tlog\cl.command.1.tlog
c:\users\worm_\desktop\02-12-2015\physics assignment\assignment 3 - daniel wormald\openglapplication\release\openglap.02001552.tlog\cl.read.1.tlog
c:\users\worm_\desktop\02-12-2015\physics assignment\assignment 3 - daniel wormald\openglapplication\release\openglap.02001552.tlog\cl.write.1.tlog
c:\users\worm_\desktop\02-12-2015\physics assignment\assignment 3 - daniel wormald\openglapplication\release\openglap.02001552.tlog\link.command.1.tlog
c:\users\worm_\desktop\02-12-2015\physics assignment\assignment 3 - daniel wormald\openglapplication\release\openglap.02001552.tlog\link.read.1.tlog
c:\users\worm_\desktop\02-12-2015\physics assignment\assignment 3 - daniel wormald\openglapplication\release\openglap.02001552.tlog\link.write.1.tlog
