Build started 3/12/2015 6:18:23 PM.
     1>Project "C:\Users\worm_\Desktop\02-12-2015\Physics Assignment\Assignment 3 - Daniel Wormald\OpenGLApplication\OpenGLApplication.vcxproj" on node 2 (Rebuild target(s)).
     1>ClCompile:
         C:\Program Files (x86)\Microsoft Visual Studio 12.0\VC\bin\CL.exe /c /I"C:\Users\worm_\Desktop\02-12-2015\Physics Assignment\Assignment 3 - Daniel Wormald\OpenGLApplication\\src" /I"C:\Users\worm_\Desktop\02-12-2015\Physics Assignment\Assignment 3 - Daniel Wormald\OpenGLApplication\dep\glfw-3.1.bin.WIN32\include" /I"C:\Users\worm_\Desktop\02-12-2015\Physics Assignment\Assignment 3 - Daniel Wormald\OpenGLApplication\dep\glm" /I"C:\Users\worm_\Desktop\02-12-2015\Physics Assignment\Assignment 3 - Daniel Wormald\OpenGLApplication\dep\stb-master" /I"C:\Users\worm_\Desktop\02-12-2015\Physics Assignment\Assignment 3 - Daniel Wormald\OpenGLApplication\dep\ant" /I"C:\Users\worm_\Desktop\02-12-2015\Physics Assignment\Assignment 3 - Daniel Wormald\OpenGLApplication\dep\Cutdown Physx SDK\Include" /Zi /nologo /W3 /WX- /sdl /O2 /Oi /Oy- /GL /D GLM_FORCE_PURE /D GLM_SWIZZLE /D WIN32 /D NDEBUG /D _CONSOLE /D _LIB /D _UNICODE /D UNICODE /Gm- /EHsc /MD /GS /Gy /fp:precise /Zc:wchar_t /Zc:forScope /Fo"Release\\" /Fd"Release\vc120.pdb" /Gd /TP /analyze- /errorReport:prompt Application.cpp Ball.cpp Box.cpp Cube.cpp DIYPhysicsScene.cpp DIYRigidBody.cpp GPUParticleEmitter.cpp main.cpp MyApplication.cpp MyCollisionCallback.cpp MyControllerHitReport.cpp Particle.cpp ParticleEmitter.cpp ParticleFluidEmitter.cpp Particles.cpp Physics.cpp Plane.cpp Ragdoll.cpp PlayerController.cpp SphereClass.cpp Spring.cpp src\BaseCamera.cpp src\FlyCamera.cpp src\Gizmos.cpp TriggerBox.cpp
         Application.cpp
         Ball.cpp
         Box.cpp
         Cube.cpp
         DIYPhysicsScene.cpp
         DIYRigidBody.cpp
         GPUParticleEmitter.cpp
         main.cpp
         MyApplication.cpp
         MyCollisionCallback.cpp
         MyControllerHitReport.cpp
         Particle.cpp
     1>Particle.cpp(17): warning C4305: 'argument' : truncation from 'double' to 'physx::PxReal'
     1>Particle.cpp(18): warning C4305: 'argument' : truncation from 'double' to 'physx::PxReal'
     1>Particle.cpp(19): warning C4305: 'argument' : truncation from 'double' to 'physx::PxReal'
         ParticleEmitter.cpp
     1>ParticleEmitter.cpp(4): warning C4005: 'GLM_SWIZZLE' : macro redefinition
                 command-line arguments :  see previous definition of 'GLM_SWIZZLE'
         ParticleFluidEmitter.cpp
         Particles.cpp
         Physics.cpp
     1>Physics.cpp(100): warning C4244: 'argument' : conversion from 'size_t' to 'physx::PxReal', possible loss of data
         Plane.cpp
         Ragdoll.cpp
     1>Ragdoll.cpp(21): warning C4244: 'argument' : conversion from 'double' to 'physx::PxReal', possible loss of data
     1>Ragdoll.cpp(22): warning C4305: 'argument' : truncation from 'double' to 'physx::PxReal'
     1>Ragdoll.cpp(23): warning C4244: 'argument' : conversion from 'double' to 'physx::PxReal', possible loss of data
     1>Ragdoll.cpp(24): warning C4305: 'argument' : truncation from 'double' to 'physx::PxReal'
         PlayerController.cpp
         SphereClass.cpp
         Compiling...
         Spring.cpp
         BaseCamera.cpp
         FlyCamera.cpp
     1>src\FlyCamera.cpp(3): warning C4005: 'GLM_SWIZZLE' : macro redefinition
                 command-line arguments :  see previous definition of 'GLM_SWIZZLE'
         Gizmos.cpp
         TriggerBox.cpp
         C:\Program Files (x86)\Microsoft Visual Studio 12.0\VC\bin\CL.exe /c /I"C:\Users\worm_\Desktop\02-12-2015\Physics Assignment\Assignment 3 - Daniel Wormald\OpenGLApplication\\src" /I"C:\Users\worm_\Desktop\02-12-2015\Physics Assignment\Assignment 3 - Daniel Wormald\OpenGLApplication\dep\glfw-3.1.bin.WIN32\include" /I"C:\Users\worm_\Desktop\02-12-2015\Physics Assignment\Assignment 3 - Daniel Wormald\OpenGLApplication\dep\glm" /I"C:\Users\worm_\Desktop\02-12-2015\Physics Assignment\Assignment 3 - Daniel Wormald\OpenGLApplication\dep\stb-master" /I"C:\Users\worm_\Desktop\02-12-2015\Physics Assignment\Assignment 3 - Daniel Wormald\OpenGLApplication\dep\ant" /I"C:\Users\worm_\Desktop\02-12-2015\Physics Assignment\Assignment 3 - Daniel Wormald\OpenGLApplication\dep\Cutdown Physx SDK\Include" /Zi /nologo /W3 /WX- /sdl /O2 /Oi /Oy- /GL /D GLM_FORCE_PURE /D GLM_SWIZZLE /D WIN32 /D NDEBUG /D _CONSOLE /D _LIB /D _UNICODE /D UNICODE /Gm- /EHsc /MD /GS /Gy /fp:precise /Zc:wchar_t /Zc:forScope /Fo"Release\\" /Fd"Release\vc120.pdb" /Gd /TC /analyze- /errorReport:prompt src\gl_core_4_4.c
         gl_core_4_4.c
       Link:
         C:\Program Files (x86)\Microsoft Visual Studio 12.0\VC\bin\link.exe /ERRORREPORT:PROMPT /OUT:"C:\Users\worm_\Desktop\02-12-2015\Physics Assignment\Assignment 3 - Daniel Wormald\OpenGLApplication\Release\OpenGLApplication.exe" /INCREMENTAL:NO /NOLOGO /LIBPATH:"C:\Users\worm_\Desktop\02-12-2015\Physics Assignment\Assignment 3 - Daniel Wormald\OpenGLApplication\dep\glfw-3.1.bin.WIN32\lib-vc2012" /LIBPATH:"C:\Users\worm_\Desktop\02-12-2015\Physics Assignment\Assignment 3 - Daniel Wormald\OpenGLApplication\dep\Cutdown Physx SDK\Lib\vc12win32" glfw3.lib opengl32.lib PhysX3_x86.lib PhysX3Extensions.lib PhysX3Common_x86.lib PhysX3Vehicle.lib PhysX3CharacterKinematic_x86.lib PhysX3Cooking_x86.lib PhysXVisualDebuggerSDK.lib AntTweakBar.lib kernel32.lib user32.lib gdi32.lib winspool.lib comdlg32.lib advapi32.lib shell32.lib ole32.lib oleaut32.lib uuid.lib odbc32.lib odbccp32.lib /MANIFEST /MANIFESTUAC:"level='asInvoker' uiAccess='false'" /manifest:embed /DEBUG /PDB:"C:\Users\worm_\Desktop\02-12-2015\Physics Assignment\Assignment 3 - Daniel Wormald\OpenGLApplication\Release\OpenGLApplication.pdb" /SUBSYSTEM:CONSOLE /OPT:REF /OPT:ICF /LTCG /TLBID:1 /DYNAMICBASE /NXCOMPAT /IMPLIB:"C:\Users\worm_\Desktop\02-12-2015\Physics Assignment\Assignment 3 - Daniel Wormald\OpenGLApplication\Release\OpenGLApplication.lib" /MACHINE:X86 /SAFESEH Release\Application.obj
         Release\Ball.obj
         Release\Box.obj
         Release\Cube.obj
         Release\DIYPhysicsScene.obj
         Release\DIYRigidBody.obj
         Release\GPUParticleEmitter.obj
         Release\main.obj
         Release\MyApplication.obj
         Release\MyCollisionCallback.obj
         Release\MyControllerHitReport.obj
         Release\Particle.obj
         Release\ParticleEmitter.obj
         Release\ParticleFluidEmitter.obj
         Release\Particles.obj
         Release\Physics.obj
         Release\Plane.obj
         Release\Ragdoll.obj
         Release\PlayerController.obj
         Release\SphereClass.obj
         Release\Spring.obj
         Release\BaseCamera.obj
         Release\FlyCamera.obj
         Release\Gizmos.obj
         Release\gl_core_4_4.obj
         Release\TriggerBox.obj
         Generating code
         Finished generating code
     1>PhysX3Extensions.lib(ExtCpuWorkerThread.obj) : warning LNK4099: PDB 'physx3extensions.pdb' was not found with 'PhysX3Extensions.lib(ExtCpuWorkerThread.obj)' or at 'C:\Users\worm_\Desktop\02-12-2015\Physics Assignment\Assignment 3 - Daniel Wormald\OpenGLApplication\Release\physx3extensions.pdb'; linking object as if no debug info
     1>PhysX3Extensions.lib(ExtD6Joint.obj) : warning LNK4099: PDB 'physx3extensions.pdb' was not found with 'PhysX3Extensions.lib(ExtD6Joint.obj)' or at 'C:\Users\worm_\Desktop\02-12-2015\Physics Assignment\Assignment 3 - Daniel Wormald\OpenGLApplication\Release\physx3extensions.pdb'; linking object as if no debug info
     1>PhysX3Extensions.lib(ExtD6JointSolverPrep.obj) : warning LNK4099: PDB 'physx3extensions.pdb' was not found with 'PhysX3Extensions.lib(ExtD6JointSolverPrep.obj)' or at 'C:\Users\worm_\Desktop\02-12-2015\Physics Assignment\Assignment 3 - Daniel Wormald\OpenGLApplication\Release\physx3extensions.pdb'; linking object as if no debug info
     1>PhysX3Extensions.lib(ExtDefaultCpuDispatcher.obj) : warning LNK4099: PDB 'physx3extensions.pdb' was not found with 'PhysX3Extensions.lib(ExtDefaultCpuDispatcher.obj)' or at 'C:\Users\worm_\Desktop\02-12-2015\Physics Assignment\Assignment 3 - Daniel Wormald\OpenGLApplication\Release\physx3extensions.pdb'; linking object as if no debug info
     1>PhysX3Extensions.lib(ExtDefaultErrorCallback.obj) : warning LNK4099: PDB 'physx3extensions.pdb' was not found with 'PhysX3Extensions.lib(ExtDefaultErrorCallback.obj)' or at 'C:\Users\worm_\Desktop\02-12-2015\Physics Assignment\Assignment 3 - Daniel Wormald\OpenGLApplication\Release\physx3extensions.pdb'; linking object as if no debug info
     1>PhysX3Extensions.lib(ExtDefaultSimulationFilterShader.obj) : warning LNK4099: PDB 'physx3extensions.pdb' was not found with 'PhysX3Extensions.lib(ExtDefaultSimulationFilterShader.obj)' or at 'C:\Users\worm_\Desktop\02-12-2015\Physics Assignment\Assignment 3 - Daniel Wormald\OpenGLApplication\Release\physx3extensions.pdb'; linking object as if no debug info
     1>PhysX3Extensions.lib(ExtDistanceJoint.obj) : warning LNK4099: PDB 'physx3extensions.pdb' was not found with 'PhysX3Extensions.lib(ExtDistanceJoint.obj)' or at 'C:\Users\worm_\Desktop\02-12-2015\Physics Assignment\Assignment 3 - Daniel Wormald\OpenGLApplication\Release\physx3extensions.pdb'; linking object as if no debug info
     1>PhysX3Extensions.lib(ExtDistanceJointSolverPrep.obj) : warning LNK4099: PDB 'physx3extensions.pdb' was not found with 'PhysX3Extensions.lib(ExtDistanceJointSolverPrep.obj)' or at 'C:\Users\worm_\Desktop\02-12-2015\Physics Assignment\Assignment 3 - Daniel Wormald\OpenGLApplication\Release\physx3extensions.pdb'; linking object as if no debug info
     1>PhysX3Extensions.lib(ExtExtensions.obj) : warning LNK4099: PDB 'physx3extensions.pdb' was not found with 'PhysX3Extensions.lib(ExtExtensions.obj)' or at 'C:\Users\worm_\Desktop\02-12-2015\Physics Assignment\Assignment 3 - Daniel Wormald\OpenGLApplication\Release\physx3extensions.pdb'; linking object as if no debug info
     1>PhysX3Extensions.lib(ExtFixedJoint.obj) : warning LNK4099: PDB 'physx3extensions.pdb' was not found with 'PhysX3Extensions.lib(ExtFixedJoint.obj)' or at 'C:\Users\worm_\Desktop\02-12-2015\Physics Assignment\Assignment 3 - Daniel Wormald\OpenGLApplication\Release\physx3extensions.pdb'; linking object as if no debug info
     1>PhysX3Extensions.lib(ExtFixedJointSolverPrep.obj) : warning LNK4099: PDB 'physx3extensions.pdb' was not found with 'PhysX3Extensions.lib(ExtFixedJointSolverPrep.obj)' or at 'C:\Users\worm_\Desktop\02-12-2015\Physics Assignment\Assignment 3 - Daniel Wormald\OpenGLApplication\Release\physx3extensions.pdb'; linking object as if no debug info
     1>PhysX3Extensions.lib(ExtJoint.obj) : warning LNK4099: PDB 'physx3extensions.pdb' was not found with 'PhysX3Extensions.lib(ExtJoint.obj)' or at 'C:\Users\worm_\Desktop\02-12-2015\Physics Assignment\Assignment 3 - Daniel Wormald\OpenGLApplication\Release\physx3extensions.pdb'; linking object as if no debug info
     1>PhysX3Extensions.lib(ExtPrismaticJoint.obj) : warning LNK4099: PDB 'physx3extensions.pdb' was not found with 'PhysX3Extensions.lib(ExtPrismaticJoint.obj)' or at 'C:\Users\worm_\Desktop\02-12-2015\Physics Assignment\Assignment 3 - Daniel Wormald\OpenGLApplication\Release\physx3extensions.pdb'; linking object as if no debug info
     1>PhysX3Extensions.lib(ExtPrismaticJointSolverPrep.obj) : warning LNK4099: PDB 'physx3extensions.pdb' was not found with 'PhysX3Extensions.lib(ExtPrismaticJointSolverPrep.obj)' or at 'C:\Users\worm_\Desktop\02-12-2015\Physics Assignment\Assignment 3 - Daniel Wormald\OpenGLApplication\Release\physx3extensions.pdb'; linking object as if no debug info
     1>PhysX3Extensions.lib(ExtPvdClientImpl.obj) : warning LNK4099: PDB 'physx3extensions.pdb' was not found with 'PhysX3Extensions.lib(ExtPvdClientImpl.obj)' or at 'C:\Users\worm_\Desktop\02-12-2015\Physics Assignment\Assignment 3 - Daniel Wormald\OpenGLApplication\Release\physx3extensions.pdb'; linking object as if no debug info
     1>PhysX3Extensions.lib(ExtRevoluteJoint.obj) : warning LNK4099: PDB 'physx3extensions.pdb' was not found with 'PhysX3Extensions.lib(ExtRevoluteJoint.obj)' or at 'C:\Users\worm_\Desktop\02-12-2015\Physics Assignment\Assignment 3 - Daniel Wormald\OpenGLApplication\Release\physx3extensions.pdb'; linking object as if no debug info
     1>PhysX3Extensions.lib(ExtRevoluteJointSolverPrep.obj) : warning LNK4099: PDB 'physx3extensions.pdb' was not found with 'PhysX3Extensions.lib(ExtRevoluteJointSolverPrep.obj)' or at 'C:\Users\worm_\Desktop\02-12-2015\Physics Assignment\Assignment 3 - Daniel Wormald\OpenGLApplication\Release\physx3extensions.pdb'; linking object as if no debug info
     1>PhysX3Extensions.lib(ExtRigidBodyExt.obj) : warning LNK4099: PDB 'physx3extensions.pdb' was not found with 'PhysX3Extensions.lib(ExtRigidBodyExt.obj)' or at 'C:\Users\worm_\Desktop\02-12-2015\Physics Assignment\Assignment 3 - Daniel Wormald\OpenGLApplication\Release\physx3extensions.pdb'; linking object as if no debug info
     1>PhysX3Extensions.lib(ExtSimpleFactory.obj) : warning LNK4099: PDB 'physx3extensions.pdb' was not found with 'PhysX3Extensions.lib(ExtSimpleFactory.obj)' or at 'C:\Users\worm_\Desktop\02-12-2015\Physics Assignment\Assignment 3 - Daniel Wormald\OpenGLApplication\Release\physx3extensions.pdb'; linking object as if no debug info
     1>PhysX3Extensions.lib(ExtSphericalJoint.obj) : warning LNK4099: PDB 'physx3extensions.pdb' was not found with 'PhysX3Extensions.lib(ExtSphericalJoint.obj)' or at 'C:\Users\worm_\Desktop\02-12-2015\Physics Assignment\Assignment 3 - Daniel Wormald\OpenGLApplication\Release\physx3extensions.pdb'; linking object as if no debug info
     1>PhysX3Extensions.lib(ExtSphericalJointSolverPrep.obj) : warning LNK4099: PDB 'physx3extensions.pdb' was not found with 'PhysX3Extensions.lib(ExtSphericalJointSolverPrep.obj)' or at 'C:\Users\worm_\Desktop\02-12-2015\Physics Assignment\Assignment 3 - Daniel Wormald\OpenGLApplication\Release\physx3extensions.pdb'; linking object as if no debug info
     1>PhysX3Extensions.lib(SnJointRepXSerializer.obj) : warning LNK4099: PDB 'physx3extensions.pdb' was not found with 'PhysX3Extensions.lib(SnJointRepXSerializer.obj)' or at 'C:\Users\worm_\Desktop\02-12-2015\Physics Assignment\Assignment 3 - Daniel Wormald\OpenGLApplication\Release\physx3extensions.pdb'; linking object as if no debug info
     1>PhysX3Extensions.lib(SnRepXCoreSerializer.obj) : warning LNK4099: PDB 'physx3extensions.pdb' was not found with 'PhysX3Extensions.lib(SnRepXCoreSerializer.obj)' or at 'C:\Users\worm_\Desktop\02-12-2015\Physics Assignment\Assignment 3 - Daniel Wormald\OpenGLApplication\Release\physx3extensions.pdb'; linking object as if no debug info
     1>PhysX3Extensions.lib(PxExtensionAutoGeneratedMetaDataObjects.obj) : warning LNK4099: PDB 'physx3extensions.pdb' was not found with 'PhysX3Extensions.lib(PxExtensionAutoGeneratedMetaDataObjects.obj)' or at 'C:\Users\worm_\Desktop\02-12-2015\Physics Assignment\Assignment 3 - Daniel Wormald\OpenGLApplication\Release\physx3extensions.pdb'; linking object as if no debug info
         OpenGLApplication.vcxproj -> C:\Users\worm_\Desktop\02-12-2015\Physics Assignment\Assignment 3 - Daniel Wormald\OpenGLApplication\Release\OpenGLApplication.exe
     1>Done Building Project "C:\Users\worm_\Desktop\02-12-2015\Physics Assignment\Assignment 3 - Daniel Wormald\OpenGLApplication\OpenGLApplication.vcxproj" (Rebuild target(s)).

Build succeeded.

Time Elapsed 00:01:52.49
